<?xml version="1.0" encoding="UTF-8"?>
<testng-results ignored="0" total="4" passed="4" failed="0" skipped="0">
  <reporter-output>
  </reporter-output>
  <suite started-at="2021-05-17T15:28:59 IST" name="Default suite" finished-at="2021-05-17T15:29:46 IST" duration-ms="46569">
    <groups>
    </groups>
    <test started-at="2021-05-17T15:28:59 IST" name="Default test" finished-at="2021-05-17T15:29:46 IST" duration-ms="46569">
      <class name="testcases.HandlingAlerts">
        <test-method is-config="true" signature="invoke_Browser()[pri:0, instance:testcases.HandlingAlerts@503d687a]" started-at="2021-05-17T15:28:10 IST" name="invoke_Browser" finished-at="2021-05-17T15:28:59 IST" duration-ms="49230" status="PASS">
          <reporter-output>
          </reporter-output>
        </test-method> <!-- invoke_Browser -->
        <test-method signature="hover_to_aletspage()[pri:0, instance:testcases.HandlingAlerts@503d687a]" started-at="2021-05-17T15:28:59 IST" name="hover_to_aletspage" finished-at="2021-05-17T15:29:32 IST" duration-ms="32518" status="PASS">
          <reporter-output>
          </reporter-output>
        </test-method> <!-- hover_to_aletspage -->
        <test-method signature="handle_alertWithOK()[pri:1, instance:testcases.HandlingAlerts@503d687a]" started-at="2021-05-17T15:29:32 IST" name="handle_alertWithOK" finished-at="2021-05-17T15:29:42 IST" duration-ms="10642" status="PASS">
          <reporter-output>
          </reporter-output>
        </test-method> <!-- handle_alertWithOK -->
        <test-method signature="handle_alertWithCancel()[pri:2, instance:testcases.HandlingAlerts@503d687a]" started-at="2021-05-17T15:29:42 IST" name="handle_alertWithCancel" finished-at="2021-05-17T15:29:44 IST" duration-ms="1428" status="PASS">
          <reporter-output>
          </reporter-output>
        </test-method> <!-- handle_alertWithCancel -->
        <test-method signature="handle_alertWithPrompt()[pri:3, instance:testcases.HandlingAlerts@503d687a]" started-at="2021-05-17T15:29:44 IST" name="handle_alertWithPrompt" finished-at="2021-05-17T15:29:46 IST" duration-ms="1881" status="PASS">
          <reporter-output>
          </reporter-output>
        </test-method> <!-- handle_alertWithPrompt -->
        <test-method is-config="true" signature="close_Browser()[pri:0, instance:testcases.HandlingAlerts@503d687a]" started-at="2021-05-17T15:29:47 IST" name="close_Browser" finished-at="2021-05-17T15:29:50 IST" duration-ms="3284" status="PASS">
          <reporter-output>
          </reporter-output>
        </test-method> <!-- close_Browser -->
      </class> <!-- testcases.HandlingAlerts -->
    </test> <!-- Default test -->
  </suite> <!-- Default suite -->
</testng-results>
