<?xml version="1.0" encoding="UTF-8"?>
<!-- Generated by org.testng.reporters.JUnitXMLReporter -->
<testsuite ignored="0" hostname="LAPTOP-N9PA21EO" failures="0" tests="4" name="Default test" time="46.569" errors="0" timestamp="2021-05-17T15:29:47 IST">
  <testcase classname="testcases.HandlingAlerts" name="hover_to_aletspage" time="32.518"/>
  <testcase classname="testcases.HandlingAlerts" name="handle_alertWithOK" time="10.642"/>
  <testcase classname="testcases.HandlingAlerts" name="handle_alertWithCancel" time="1.428"/>
  <testcase classname="testcases.HandlingAlerts" name="handle_alertWithPrompt" time="1.881"/>
</testsuite> <!-- Default test -->
